<?xml version="1.0" encoding="UTF-8"?>
<TestRun id="1168a1e3-4e4b-4d26-b0f6-c24c80ca9a61" name="matt.camilli@TK-423 2012-02-23 14:10:44" runUser="XC\matt.camilli" xmlns="http://microsoft.com/schemas/VisualStudio/TeamTest/2010">
  <TestSettings name="Local" id="b6d0cd76-2b43-4d84-b2ff-264b4e80fa4d">
    <Description>These are default test settings for a local test run.</Description>
    <Deployment enabled="false" runDeploymentRoot="matt.camilli_TK-423 2012-02-23 14_10_44">
      <DeploymentItem filename="C:\Users\matt.camilli\dev\ActivEarth\ActivEarth.Objects\bin\ActivEarth.Objects.dll" />
      <DeploymentItem filename="C:\Users\matt.camilli\dev\ActivEarth\ActivEarth.Server.Service\bin\ActivEarth.Server.Service.dll" />
    </Deployment>
    <Execution>
      <TestTypeSpecific />
      <AgentRule name="Execution Agents">
      </AgentRule>
    </Execution>
  </TestSettings>
  <Times creation="2012-02-23T14:10:44.4907377-05:00" queuing="2012-02-23T14:10:44.5483925-05:00" start="2012-02-23T14:10:44.5552329-05:00" finish="2012-02-23T14:10:44.7594677-05:00" />
  <ResultSummary outcome="Failed">
    <Counters total="1" executed="1" error="0" failed="1" timeout="0" aborted="0" inconclusive="0" passedButRunAborted="0" notRunnable="0" notExecuted="0" disconnected="0" warning="0" passed="0" completed="0" inProgress="0" pending="0" />
  </ResultSummary>
  <TestDefinitions>
    <UnitTest name="TestConfirmPassword" storage="c:\users\matt.camilli\dev\activearth\activearth.tests\bin\debug\activearth.tests.dll" id="99bf56f0-3f9e-0a29-9141-aa95c53725d0">
      <Execution id="7c1b4f0e-12ce-4b84-a80c-61a013c62593" />
      <TestMethod codeBase="C:/Users/matt.camilli/dev/ActivEarth/ActivEarth.Tests/bin/Debug/ActivEarth.Tests.DLL" adapterTypeName="Microsoft.VisualStudio.TestTools.TestTypes.Unit.UnitTestAdapter, Microsoft.VisualStudio.QualityTools.Tips.UnitTest.Adapter, Version=10.0.0.0, Culture=neutral, PublicKeyToken=b03f5f7f11d50a3a" className="ActivEarth.Tests.UserDAOTest, ActivEarth.Tests, Version=1.0.0.0, Culture=neutral, PublicKeyToken=null" name="TestConfirmPassword" />
    </UnitTest>
  </TestDefinitions>
  <TestLists>
    <TestList name="Results Not in a List" id="8c84fa94-04c1-424b-9868-57a2d4851a1d" />
    <TestList name="All Loaded Results" id="19431567-8539-422a-85d7-44ee4e166bda" />
  </TestLists>
  <TestEntries>
    <TestEntry testId="99bf56f0-3f9e-0a29-9141-aa95c53725d0" executionId="7c1b4f0e-12ce-4b84-a80c-61a013c62593" testListId="8c84fa94-04c1-424b-9868-57a2d4851a1d" />
  </TestEntries>
  <Results>
    <UnitTestResult executionId="7c1b4f0e-12ce-4b84-a80c-61a013c62593" testId="99bf56f0-3f9e-0a29-9141-aa95c53725d0" testName="TestConfirmPassword" computerName="TK-423" duration="00:00:00.0505835" startTime="2012-02-23T14:10:44.5562101-05:00" endTime="2012-02-23T14:10:44.7467641-05:00" testType="13cdc9d9-ddb5-4fa4-a97d-d965ccfc6d4b" outcome="Failed" testListId="8c84fa94-04c1-424b-9868-57a2d4851a1d" relativeResultsDirectory="7c1b4f0e-12ce-4b84-a80c-61a013c62593">
      <Output>
        <ErrorInfo>
          <Message>Test method ActivEarth.Tests.UserDAOTest.TestConfirmPassword threw exception: 
System.TypeInitializationException: The type initializer for 'ActivEarth.Server.Service.ConnectionManager' threw an exception. ---&gt; System.NullReferenceException: Object reference not set to an instance of an object.</Message>
          <StackTrace>    at ActivEarth.Server.Service.ConnectionManager..cctor() in C:\Users\matt.camilli\dev\ActivEarth\ActivEarth.Server.Service\ConnectionManager.cs:line 17
 --- End of inner exception stack trace ---
    at ActivEarth.Server.Service.ConnectionManager.GetConnection()
   at ActivEarth.DAO.UserDAO.GetUserIdFromUserName(String username) in C:\Users\matt.camilli\dev\ActivEarth\ActivEarth.Server.Service\DAO\UserDAO.cs:line 135
   at ActivEarth.Tests.UserDAOTest.TestConfirmPassword() in C:\Users\matt.camilli\dev\ActivEarth\ActivEarth.Tests\UserDAOTest.cs:line 49
</StackTrace>
        </ErrorInfo>
      </Output>
    </UnitTestResult>
  </Results>
</TestRun>